*****************************************************************
      SolidWorks Corporation - Compte-rendu d'état du Processeur IGES
*****************************************************************
=================================================================
Informations générales
=================================================================
Envoi de l'identification du produit système en cours  : 901-9531-3_SW0001
Réception de l'identification du produit système en cours: 901-9531-3_SW0001
Nom de fichier                    : 901-9531-3.igs
Envoi du système en cours               : Pro/ENGINEER by Parametric Technology Corporation
Version du préprocesseur         : 2008010
Date de création du fichier           : 20091014.112805
Date de création du modèle          : 20091014.112805
Unités                        : INCH
Echelle de l'espace modèle            : 1
Auteur                       : Administrator
Organisation                 : Unknown


=================================================================
Informations sur le traitement des entités
=================================================================


=================================================================
Analyse de précision d'un fichier IGES:
=================================================================
  Nombre le plus répandu de chiffres significatifs:              13
  Nombre le plus grand de chiffres significatifs:                     13
  Nombre moyen de chiffres significatifs :                11.0126
  Distance maximale jusqu'à l'origine:                          6.48699
  Distance minimale jusqu'à l'origine:                                0
  Nombre effectif de chiffres significatifs:                   13


=================================================================
Récapitulatif des entités
=================================================================
-----------------------------------------------------------------
Nom de type                                         Nombre converti
---- ----                                         ----- ---------
100  Arc                                            120       120
102  Composite curve                                174       174
110  Line                                           398       398
120  Surface of revolution                           55        55
124  Transformation matrix                          120       120
126  Rational B-spline curve                        203       203
128  Rational B-spline surface                       22        22
142  Curve on a parametric surface                   87        87
144  Trimmed parametric surface                      77        77
314  Color definition                                10        10
_________________________________________________________________


=================================================================
Récapitulatif des résultats
=================================================================
Type de fonction SolidWorks                Nombre
-----------------------                -----
Fonction(s) volumique(s)                       1
Fonction(s) surfacique(s)                     5
Fonction(s) de courbe/d'esquisse                0
--------------------------------------------
Heure de début: dimanche, mars 05, 2017 10:34:00
Heure de fin: dimanche, mars 05, 2017 10:34:08
Durée de traitement: 0 days, 00 hours, 00 mins, 08 secs
